<?xml version="1.0" encoding="UTF-8"?>
<!-- Generated by org.testng.reporters.JUnitReportReporter -->
<testsuite hostname="LIN76003319" failures="0" tests="1" name="RestAPI.DeleteRequest" time="1.110" errors="0" timestamp="04 Dec 2022 04:42:46 GMT" skipped="0">
  <testcase classname="RestAPI.DeleteRequest" name="Test1" time="1.110"/>
</testsuite> <!-- RestAPI.DeleteRequest -->
