<?xml version="1.0" encoding="UTF-8"?>
<!-- Generated by org.testng.reporters.JUnitReportReporter -->
<testsuite hostname="LIN76003319" failures="0" tests="1" name="RestApiBDD.GetRequestBDD" time="1.603" errors="0" timestamp="04 Dec 2022 07:19:07 GMT" skipped="0">
  <testcase classname="RestApiBDD.GetRequestBDD" name="Test1" time="1.603"/>
</testsuite> <!-- RestApiBDD.GetRequestBDD -->
