<?xml version="1.0" encoding="UTF-8"?>
<!-- Generated by org.testng.reporters.JUnitReportReporter -->
<testsuite hostname="LIN76003319" failures="0" tests="1" name="RestAPI.GetRequestWithParameter" time="1.544" errors="0" timestamp="03 Dec 2022 06:45:55 GMT" skipped="0">
  <testcase classname="RestAPI.GetRequestWithParameter" name="Test1" time="1.544"/>
</testsuite> <!-- RestAPI.GetRequestWithParameter -->
