<?xml version="1.0" encoding="UTF-8"?>
<!-- Generated by org.testng.reporters.JUnitReportReporter -->
<testsuite hostname="LIN76003319" failures="0" tests="1" name="RestApiBDD.PutRequestBDD" time="1.254" errors="0" timestamp="04 Dec 2022 06:59:24 GMT" skipped="0">
  <testcase classname="RestApiBDD.PutRequestBDD" name="Test1" time="1.254"/>
</testsuite> <!-- RestApiBDD.PutRequestBDD -->
