<?xml version="1.0" encoding="UTF-8"?>
<!-- Generated by org.testng.reporters.JUnitReportReporter -->
<testsuite hostname="LIN76003319" failures="0" tests="1" name="RestApiBDD.DeleteRequestBDD" time="1.125" errors="0" timestamp="04 Dec 2022 07:18:53 GMT" skipped="0">
  <testcase classname="RestApiBDD.DeleteRequestBDD" name="Test1" time="1.125"/>
</testsuite> <!-- RestApiBDD.DeleteRequestBDD -->
