<?xml version="1.0" encoding="UTF-8"?>
<!-- Generated by org.testng.reporters.JUnitReportReporter -->
<testsuite hostname="LIN76003319" failures="0" tests="1" name="RestGitHub.CreateRepo" time="3.050" errors="0" timestamp="04 Dec 2022 07:11:34 GMT" skipped="0">
  <testcase classname="RestGitHub.CreateRepo" name="Test1" time="3.050"/>
</testsuite> <!-- RestGitHub.CreateRepo -->
