<?xml version="1.0" encoding="UTF-8"?>
<!-- Generated by org.testng.reporters.JUnitReportReporter -->
<testsuite hostname="LIN76003319" failures="0" tests="1" name="RestAPIXml.XmlExample" time="1.838" errors="0" timestamp="04 Dec 2022 05:19:43 GMT" skipped="0">
  <testcase classname="RestAPIXml.XmlExample" name="Test1" time="1.838"/>
</testsuite> <!-- RestAPIXml.XmlExample -->
