<?xml version="1.0" encoding="UTF-8"?>
<!-- Generated by org.testng.reporters.JUnitReportReporter -->
<testsuite hostname="LIN76003319" failures="0" tests="1" name="RestAPI.PostRequestWithMap" time="1.322" errors="0" timestamp="03 Dec 2022 07:17:52 GMT" skipped="0">
  <testcase classname="RestAPI.PostRequestWithMap" name="Test1" time="1.322"/>
</testsuite> <!-- RestAPI.PostRequestWithMap -->
