<?xml version="1.0" encoding="UTF-8"?>
<!-- Generated by org.testng.reporters.JUnitReportReporter -->
<testsuite hostname="LIN76003319" failures="0" tests="1" name="RestAPI.PutRequest" time="1.210" errors="0" timestamp="04 Dec 2022 04:47:13 GMT" skipped="0">
  <testcase classname="RestAPI.PutRequest" name="Test1" time="1.210"/>
</testsuite> <!-- RestAPI.PutRequest -->
