<?xml version="1.0" encoding="UTF-8"?>
<!-- Generated by org.testng.reporters.JUnitReportReporter -->
<testsuite hostname="LIN76003319" failures="0" tests="1" name="RestAPI.PostRequest" time="1.243" errors="0" timestamp="03 Dec 2022 07:07:57 GMT" skipped="0">
  <testcase classname="RestAPI.PostRequest" name="Test1" time="1.243"/>
</testsuite> <!-- RestAPI.PostRequest -->
