<?xml version="1.0" encoding="UTF-8"?>
<!-- Generated by org.testng.reporters.JUnitReportReporter -->
<testsuite hostname="LIN76003319" failures="0" tests="1" name="RestAPI.GetRequest" time="1.166" errors="0" timestamp="04 Dec 2022 04:47:22 GMT" skipped="0">
  <testcase classname="RestAPI.GetRequest" name="Test1" time="1.166"/>
</testsuite> <!-- RestAPI.GetRequest -->
